d:\openglfall2014\myglfwapp1\vs2012\debug\main.obj
d:\openglfall2014\myglfwapp1\vs2012\debug\shaderutils.obj
d:\openglfall2014\myglfwapp1\vs2012\debug\vc110.pdb
d:\openglfall2014\myglfwapp1\vs2012\debug\textureutils.obj
d:\openglfall2014\myglfwapp1\vs2012\debug\myglfwapp1.exe
d:\openglfall2014\myglfwapp1\vs2012\debug\myglfwapp1.pdb
d:\openglfall2014\myglfwapp1\vs2012\debug\cl.command.1.tlog
d:\openglfall2014\myglfwapp1\vs2012\debug\cl.read.1.tlog
d:\openglfall2014\myglfwapp1\vs2012\debug\cl.write.1.tlog
d:\openglfall2014\myglfwapp1\vs2012\debug\link-cvtres.read.1.tlog
d:\openglfall2014\myglfwapp1\vs2012\debug\link-cvtres.write.1.tlog
d:\openglfall2014\myglfwapp1\vs2012\debug\link-rc.read.1.tlog
d:\openglfall2014\myglfwapp1\vs2012\debug\link-rc.write.1.tlog
d:\openglfall2014\myglfwapp1\vs2012\debug\link.4704-cvtres.read.1.tlog
d:\openglfall2014\myglfwapp1\vs2012\debug\link.4704-cvtres.write.1.tlog
d:\openglfall2014\myglfwapp1\vs2012\debug\link.4704-rc.read.1.tlog
d:\openglfall2014\myglfwapp1\vs2012\debug\link.4704-rc.write.1.tlog
d:\openglfall2014\myglfwapp1\vs2012\debug\link.4704.read.1.tlog
d:\openglfall2014\myglfwapp1\vs2012\debug\link.4704.write.1.tlog
d:\openglfall2014\myglfwapp1\vs2012\debug\link.8272-cvtres.read.1.tlog
d:\openglfall2014\myglfwapp1\vs2012\debug\link.8272-cvtres.write.1.tlog
d:\openglfall2014\myglfwapp1\vs2012\debug\link.8272-rc.read.1.tlog
d:\openglfall2014\myglfwapp1\vs2012\debug\link.8272-rc.write.1.tlog
d:\openglfall2014\myglfwapp1\vs2012\debug\link.8272.read.1.tlog
d:\openglfall2014\myglfwapp1\vs2012\debug\link.8272.write.1.tlog
d:\openglfall2014\myglfwapp1\vs2012\debug\link.command.1.tlog
d:\openglfall2014\myglfwapp1\vs2012\debug\link.read.1.tlog
d:\openglfall2014\myglfwapp1\vs2012\debug\link.write.1.tlog
d:\openglfall2014\myglfwapp1\vs2012\debug\vc110.idb
